2014-04-16 21:24:14.517 8836 INFO migrate.versioning.api [-] 132 -> 133... 
2014-04-16 21:24:15.304 8836 INFO migrate.versioning.api [-] done
2014-04-16 21:24:15.304 8836 INFO migrate.versioning.api [-] 133 -> 134... 
2014-04-16 21:24:15.337 8836 INFO migrate.versioning.api [-] done
2014-04-16 21:24:15.337 8836 INFO migrate.versioning.api [-] 134 -> 135... 
2014-04-16 21:24:15.379 8836 INFO migrate.versioning.api [-] done
2014-04-16 21:24:15.380 8836 INFO migrate.versioning.api [-] 135 -> 136... 
2014-04-16 21:24:15.406 8836 INFO migrate.versioning.api [-] done
2014-04-16 21:24:15.406 8836 INFO migrate.versioning.api [-] 136 -> 137... 
2014-04-16 21:24:15.434 8836 INFO migrate.versioning.api [-] done
2014-04-16 21:24:15.434 8836 INFO migrate.versioning.api [-] 137 -> 138... 
2014-04-16 21:24:15.461 8836 INFO migrate.versioning.api [-] done
2014-04-16 21:24:15.461 8836 INFO migrate.versioning.api [-] 138 -> 139... 
2014-04-16 21:24:15.492 8836 INFO migrate.versioning.api [-] done
2014-04-16 21:24:15.493 8836 INFO migrate.versioning.api [-] 139 -> 140... 
2014-04-16 21:24:15.506 8836 INFO migrate.versioning.api [-] done
2014-04-16 21:24:15.507 8836 INFO migrate.versioning.api [-] 140 -> 141... 
2014-04-16 21:24:15.555 8836 INFO migrate.versioning.api [-] done
2014-04-16 21:24:15.555 8836 INFO migrate.versioning.api [-] 141 -> 142... 
2014-04-16 21:24:15.580 8836 INFO migrate.versioning.api [-] done
2014-04-16 21:24:15.580 8836 INFO migrate.versioning.api [-] 142 -> 143... 
2014-04-16 21:24:15.595 8836 INFO migrate.versioning.api [-] done
2014-04-16 21:24:15.596 8836 INFO migrate.versioning.api [-] 143 -> 144... 
2014-04-16 21:24:15.660 8836 INFO migrate.versioning.api [-] done
2014-04-16 21:24:15.661 8836 INFO migrate.versioning.api [-] 144 -> 145... 
2014-04-16 21:24:15.686 8836 INFO migrate.versioning.api [-] done
2014-04-16 21:24:15.687 8836 INFO migrate.versioning.api [-] 145 -> 146... 
2014-04-16 21:24:15.730 8836 INFO migrate.versioning.api [-] done
2014-04-16 21:24:15.730 8836 INFO migrate.versioning.api [-] 146 -> 147... 
2014-04-16 21:24:15.775 8836 INFO migrate.versioning.api [-] done
2014-04-16 21:24:15.776 8836 INFO migrate.versioning.api [-] 147 -> 148... 
2014-04-16 21:24:15.864 8836 INFO migrate.versioning.api [-] done
2014-04-16 21:24:15.864 8836 INFO migrate.versioning.api [-] 148 -> 149... 
2014-04-16 21:24:16.789 8836 INFO migrate.versioning.api [-] done
2014-04-16 21:24:16.790 8836 INFO migrate.versioning.api [-] 149 -> 150... 
2014-04-16 21:24:16.826 8836 INFO migrate.versioning.api [-] done
2014-04-16 21:24:16.827 8836 INFO migrate.versioning.api [-] 150 -> 151... 
2014-04-16 21:24:16.883 8836 INFO migrate.versioning.api [-] done
2014-04-16 21:24:16.884 8836 INFO migrate.versioning.api [-] 151 -> 152... 
2014-04-16 21:24:19.237 8836 INFO migrate.versioning.api [-] done
2014-04-16 21:24:19.238 8836 INFO migrate.versioning.api [-] 152 -> 153... 
2014-04-16 21:24:19.272 8836 INFO migrate.versioning.api [-] done
2014-04-16 21:24:19.273 8836 INFO migrate.versioning.api [-] 153 -> 154... 
2014-04-16 21:24:20.020 8836 INFO migrate.versioning.api [-] done
2014-04-16 21:24:20.021 8836 INFO migrate.versioning.api [-] 154 -> 155... 
2014-04-16 21:24:20.065 8836 INFO migrate.versioning.api [-] done
2014-04-16 21:24:20.065 8836 INFO migrate.versioning.api [-] 155 -> 156... 
2014-04-16 21:24:20.250 8836 INFO migrate.versioning.api [-] done
2014-04-16 21:24:20.251 8836 INFO migrate.versioning.api [-] 156 -> 157... 
2014-04-16 21:24:20.292 8836 INFO migrate.versioning.api [-] done
2014-04-16 21:24:20.292 8836 INFO migrate.versioning.api [-] 157 -> 158... 
2014-04-16 21:24:20.353 8836 INFO migrate.versioning.api [-] done
2014-04-16 21:24:20.353 8836 INFO migrate.versioning.api [-] 158 -> 159... 
2014-04-16 21:24:20.384 8836 INFO migrate.versioning.api [-] done
2014-04-16 21:24:20.384 8836 INFO migrate.versioning.api [-] 159 -> 160... 
2014-04-16 21:24:20.402 8836 INFO migrate.versioning.api [-] done
2014-04-16 21:24:20.402 8836 INFO migrate.versioning.api [-] 160 -> 161... 
2014-04-16 21:24:20.425 8836 INFO migrate.versioning.api [-] done
2014-04-16 21:24:20.425 8836 INFO migrate.versioning.api [-] 161 -> 162... 
2014-04-16 21:24:20.438 8836 INFO migrate.versioning.api [-] done
2014-04-16 21:24:20.439 8836 INFO migrate.versioning.api [-] 162 -> 163... 
2014-04-16 21:24:20.455 8836 INFO migrate.versioning.api [-] done
2014-04-16 21:24:20.456 8836 INFO migrate.versioning.api [-] 163 -> 164... 
2014-04-16 21:24:20.468 8836 INFO migrate.versioning.api [-] done
2014-04-16 21:24:20.468 8836 INFO migrate.versioning.api [-] 164 -> 165... 
2014-04-16 21:24:20.484 8836 INFO migrate.versioning.api [-] done
2014-04-16 21:24:20.485 8836 INFO migrate.versioning.api [-] 165 -> 166... 
2014-04-16 21:24:20.503 8836 INFO migrate.versioning.api [-] done
2014-04-16 21:24:20.504 8836 INFO migrate.versioning.api [-] 166 -> 167... 
2014-04-16 21:24:20.517 8836 INFO migrate.versioning.api [-] done
2014-04-16 21:24:20.517 8836 INFO migrate.versioning.api [-] 167 -> 168... 
2014-04-16 21:24:20.534 8836 INFO migrate.versioning.api [-] done
2014-04-16 21:24:20.535 8836 INFO migrate.versioning.api [-] 168 -> 169... 
2014-04-16 21:24:20.549 8836 INFO migrate.versioning.api [-] done
2014-04-16 21:24:20.549 8836 INFO migrate.versioning.api [-] 169 -> 170... 
2014-04-16 21:24:20.562 8836 INFO migrate.versioning.api [-] done
2014-04-16 21:24:20.562 8836 INFO migrate.versioning.api [-] 170 -> 171... 
2014-04-16 21:24:20.579 8836 INFO migrate.versioning.api [-] done
2014-04-16 21:24:20.579 8836 INFO migrate.versioning.api [-] 171 -> 172... 
2014-04-16 21:24:20.683 8836 INFO migrate.versioning.api [-] done
2014-04-16 21:24:20.683 8836 INFO migrate.versioning.api [-] 172 -> 173... 
2014-04-16 21:24:20.728 8836 INFO migrate.versioning.api [-] done
2014-04-16 21:24:20.728 8836 INFO migrate.versioning.api [-] 173 -> 174... 
2014-04-16 21:24:20.779 8836 INFO migrate.versioning.api [-] done
2014-04-16 21:24:20.780 8836 INFO migrate.versioning.api [-] 174 -> 175... 
2014-04-16 21:24:20.855 8836 INFO migrate.versioning.api [-] done
2014-04-16 21:24:20.856 8836 INFO migrate.versioning.api [-] 175 -> 176... 
2014-04-16 21:24:20.887 8836 INFO migrate.versioning.api [-] done
2014-04-16 21:24:20.887 8836 INFO migrate.versioning.api [-] 176 -> 177... 
2014-04-16 21:24:20.936 8836 INFO migrate.versioning.api [-] done
2014-04-16 21:24:20.936 8836 INFO migrate.versioning.api [-] 177 -> 178... 
2014-04-16 21:24:20.961 8836 INFO migrate.versioning.api [-] done
2014-04-16 21:24:20.962 8836 INFO migrate.versioning.api [-] 178 -> 179... 
2014-04-16 21:24:21.036 8836 INFO migrate.versioning.api [-] done
2014-04-16 21:24:21.037 8836 INFO migrate.versioning.api [-] 179 -> 180... 
2014-04-16 21:24:21.135 8836 INFO migrate.versioning.api [-] done
2014-04-16 21:24:21.135 8836 INFO migrate.versioning.api [-] 180 -> 181... 
2014-04-16 21:24:21.199 8836 INFO migrate.versioning.api [-] done
2014-04-16 21:24:21.200 8836 INFO migrate.versioning.api [-] 181 -> 182... 
2014-04-16 21:24:21.325 8836 INFO migrate.versioning.api [-] done
2014-04-16 21:24:21.325 8836 INFO migrate.versioning.api [-] 182 -> 183... 
2014-04-16 21:24:21.355 8836 INFO migrate.versioning.api [-] done
2014-04-16 21:24:21.355 8836 INFO migrate.versioning.api [-] 183 -> 184... 
2014-04-16 21:24:21.381 8836 INFO migrate.versioning.api [-] done
2014-04-16 21:24:21.382 8836 INFO migrate.versioning.api [-] 184 -> 185... 
2014-04-16 21:24:22.133 8836 INFO migrate.versioning.api [-] done
2014-04-16 21:24:22.133 8836 INFO migrate.versioning.api [-] 185 -> 186... 
2014-04-16 21:24:22.499 8836 INFO migrate.versioning.api [-] done
2014-04-16 21:24:22.499 8836 INFO migrate.versioning.api [-] 186 -> 187... 
2014-04-16 21:24:22.731 8836 INFO migrate.versioning.api [-] done
2014-04-16 21:24:22.731 8836 INFO migrate.versioning.api [-] 187 -> 188... 
2014-04-16 21:24:22.804 8836 INFO migrate.versioning.api [-] done
2014-04-16 21:24:22.804 8836 INFO migrate.versioning.api [-] 188 -> 189... 
2014-04-16 21:24:22.880 8836 INFO migrate.versioning.api [-] done
2014-04-16 21:24:22.880 8836 INFO migrate.versioning.api [-] 189 -> 190... 
2014-04-16 21:24:22.928 8836 INFO migrate.versioning.api [-] done
2014-04-16 21:24:22.929 8836 INFO migrate.versioning.api [-] 190 -> 191... 
2014-04-16 21:24:22.985 8836 INFO migrate.versioning.api [-] done
2014-04-16 21:24:22.986 8836 INFO migrate.versioning.api [-] 191 -> 192... 
2014-04-16 21:24:23.085 8836 INFO migrate.versioning.api [-] done
2014-04-16 21:24:23.085 8836 INFO migrate.versioning.api [-] 192 -> 193... 
2014-04-16 21:24:23.307 8836 INFO migrate.versioning.api [-] done
2014-04-16 21:24:23.308 8836 INFO migrate.versioning.api [-] 193 -> 194... 
2014-04-16 21:24:23.321 8836 INFO migrate.versioning.api [-] done
2014-04-16 21:24:23.322 8836 INFO migrate.versioning.api [-] 194 -> 195... 
2014-04-16 21:24:23.391 8836 INFO migrate.versioning.api [-] done
2014-04-16 21:24:23.391 8836 INFO migrate.versioning.api [-] 195 -> 196... 
2014-04-16 21:24:23.472 8836 INFO migrate.versioning.api [-] done
2014-04-16 21:24:23.473 8836 INFO migrate.versioning.api [-] 196 -> 197... 
2014-04-16 21:24:23.521 8836 INFO migrate.versioning.api [-] done
2014-04-16 21:24:23.521 8836 INFO migrate.versioning.api [-] 197 -> 198... 
2014-04-16 21:24:23.572 8836 INFO migrate.versioning.api [-] done
2014-04-16 21:24:23.573 8836 INFO migrate.versioning.api [-] 198 -> 199... 
2014-04-16 21:24:23.628 8836 INFO migrate.versioning.api [-] done
2014-04-16 21:24:23.628 8836 INFO migrate.versioning.api [-] 199 -> 200... 
2014-04-16 21:24:24.000 8836 INFO migrate.versioning.api [-] done
2014-04-16 21:24:24.001 8836 INFO migrate.versioning.api [-] 200 -> 201... 
2014-04-16 21:24:24.957 8836 INFO migrate.versioning.api [-] done
2014-04-16 21:24:24.957 8836 INFO migrate.versioning.api [-] 201 -> 202... 
2014-04-16 21:24:25.028 8836 INFO migrate.versioning.api [-] done
2014-04-16 21:24:25.029 8836 INFO migrate.versioning.api [-] 202 -> 203... 
2014-04-16 21:24:25.149 8836 INFO migrate.versioning.api [-] done
2014-04-16 21:24:25.149 8836 INFO migrate.versioning.api [-] 203 -> 204... 
2014-04-16 21:24:25.177 8836 INFO migrate.versioning.api [-] done
2014-04-16 21:24:25.178 8836 INFO migrate.versioning.api [-] 204 -> 205... 
2014-04-16 21:24:25.243 8836 INFO migrate.versioning.api [-] done
2014-04-16 21:24:25.244 8836 INFO migrate.versioning.api [-] 205 -> 206... 
2014-04-16 21:24:25.317 8836 INFO migrate.versioning.api [-] done
2014-04-16 21:24:25.317 8836 INFO migrate.versioning.api [-] 206 -> 207... 
2014-04-16 21:24:25.422 8836 INFO migrate.versioning.api [-] done
2014-04-16 21:24:25.422 8836 INFO migrate.versioning.api [-] 207 -> 208... 
2014-04-16 21:24:25.496 8836 INFO migrate.versioning.api [-] done
2014-04-16 21:24:25.497 8836 INFO migrate.versioning.api [-] 208 -> 209... 
2014-04-16 21:24:25.511 8836 INFO migrate.versioning.api [-] done
2014-04-16 21:24:25.511 8836 INFO migrate.versioning.api [-] 209 -> 210... 
2014-04-16 21:24:25.553 8836 INFO migrate.versioning.api [-] done
2014-04-16 21:24:25.554 8836 INFO migrate.versioning.api [-] 210 -> 211... 
2014-04-16 21:24:25.625 8836 INFO migrate.versioning.api [-] done
2014-04-16 21:24:25.626 8836 INFO migrate.versioning.api [-] 211 -> 212... 
2014-04-16 21:24:25.644 8836 INFO migrate.versioning.api [-] done
2014-04-16 21:24:25.644 8836 INFO migrate.versioning.api [-] 212 -> 213... 
2014-04-16 21:24:25.734 8836 INFO migrate.versioning.api [-] done
2014-04-16 21:24:25.734 8836 INFO migrate.versioning.api [-] 213 -> 214... 
2014-04-16 21:24:25.752 8836 INFO migrate.versioning.api [-] done
2014-04-16 21:24:25.752 8836 INFO migrate.versioning.api [-] 214 -> 215... 
2014-04-16 21:24:25.770 8836 INFO migrate.versioning.api [-] done
2014-04-16 21:24:25.770 8836 INFO migrate.versioning.api [-] 215 -> 216... 
2014-04-16 21:24:25.838 8836 INFO migrate.versioning.api [-] done
2014-04-21 18:25:11.639 7966 CRITICAL nova [req-6bb9cf53-0aaf-4d7f-b172-27c479d3d91b None None] invalid literal for int() with base 10: 'ip_range=192'
2014-04-21 18:25:11.639 7966 TRACE nova Traceback (most recent call last):
2014-04-21 18:25:11.639 7966 TRACE nova   File "/usr/bin/nova-manage", line 10, in <module>
2014-04-21 18:25:11.639 7966 TRACE nova     sys.exit(main())
2014-04-21 18:25:11.639 7966 TRACE nova   File "/usr/lib/python2.7/dist-packages/nova/cmd/manage.py", line 1377, in main
2014-04-21 18:25:11.639 7966 TRACE nova     ret = fn(*fn_args, **fn_kwargs)
2014-04-21 18:25:11.639 7966 TRACE nova   File "/usr/lib/python2.7/dist-packages/nova/cmd/manage.py", line 441, in create
2014-04-21 18:25:11.639 7966 TRACE nova     for address in self.address_to_hosts(ip_range))
2014-04-21 18:25:11.639 7966 TRACE nova   File "/usr/lib/python2.7/dist-packages/nova/cmd/manage.py", line 413, in address_to_hosts
2014-04-21 18:25:11.639 7966 TRACE nova     net = netaddr.IPNetwork(addresses)
2014-04-21 18:25:11.639 7966 TRACE nova   File "/usr/lib/python2.7/dist-packages/netaddr/ip/__init__.py", line 907, in __init__
2014-04-21 18:25:11.639 7966 TRACE nova     implicit_prefix, flags)
2014-04-21 18:25:11.639 7966 TRACE nova   File "/usr/lib/python2.7/dist-packages/netaddr/ip/__init__.py", line 774, in parse_ip_network
2014-04-21 18:25:11.639 7966 TRACE nova     expanded_addr = _ipv4.expand_partial_address(val1)
2014-04-21 18:25:11.639 7966 TRACE nova   File "/usr/lib/python2.7/dist-packages/netaddr/strategy/ipv4.py", line 277, in expand_partial_address
2014-04-21 18:25:11.639 7966 TRACE nova     tokens = ['%d' % int(o) for o in addr.split('.')]
2014-04-21 18:25:11.639 7966 TRACE nova ValueError: invalid literal for int() with base 10: 'ip_range=192'
2014-04-21 18:25:11.639 7966 TRACE nova 
2014-04-21 18:25:36.447 8031 CRITICAL nova [req-d70865ab-d251-485b-bfb3-ca534de36f6f None None] invalid literal for int() with base 10: 'ip_range=192'
2014-04-21 18:25:36.447 8031 TRACE nova Traceback (most recent call last):
2014-04-21 18:25:36.447 8031 TRACE nova   File "/usr/bin/nova-manage", line 10, in <module>
2014-04-21 18:25:36.447 8031 TRACE nova     sys.exit(main())
2014-04-21 18:25:36.447 8031 TRACE nova   File "/usr/lib/python2.7/dist-packages/nova/cmd/manage.py", line 1377, in main
2014-04-21 18:25:36.447 8031 TRACE nova     ret = fn(*fn_args, **fn_kwargs)
2014-04-21 18:25:36.447 8031 TRACE nova   File "/usr/lib/python2.7/dist-packages/nova/cmd/manage.py", line 441, in create
2014-04-21 18:25:36.447 8031 TRACE nova     for address in self.address_to_hosts(ip_range))
2014-04-21 18:25:36.447 8031 TRACE nova   File "/usr/lib/python2.7/dist-packages/nova/cmd/manage.py", line 413, in address_to_hosts
2014-04-21 18:25:36.447 8031 TRACE nova     net = netaddr.IPNetwork(addresses)
2014-04-21 18:25:36.447 8031 TRACE nova   File "/usr/lib/python2.7/dist-packages/netaddr/ip/__init__.py", line 907, in __init__
2014-04-21 18:25:36.447 8031 TRACE nova     implicit_prefix, flags)
2014-04-21 18:25:36.447 8031 TRACE nova   File "/usr/lib/python2.7/dist-packages/netaddr/ip/__init__.py", line 774, in parse_ip_network
2014-04-21 18:25:36.447 8031 TRACE nova     expanded_addr = _ipv4.expand_partial_address(val1)
2014-04-21 18:25:36.447 8031 TRACE nova   File "/usr/lib/python2.7/dist-packages/netaddr/strategy/ipv4.py", line 277, in expand_partial_address
2014-04-21 18:25:36.447 8031 TRACE nova     tokens = ['%d' % int(o) for o in addr.split('.')]
2014-04-21 18:25:36.447 8031 TRACE nova ValueError: invalid literal for int() with base 10: 'ip_range=192'
2014-04-21 18:25:36.447 8031 TRACE nova 
2014-04-21 18:25:41.678 8036 CRITICAL nova [req-66ca78a2-be2f-4f8d-89b2-af73c5aced63 None None] invalid literal for int() with base 10: 'ip_range=192'
2014-04-21 18:25:41.678 8036 TRACE nova Traceback (most recent call last):
2014-04-21 18:25:41.678 8036 TRACE nova   File "/usr/bin/nova-manage", line 10, in <module>
2014-04-21 18:25:41.678 8036 TRACE nova     sys.exit(main())
2014-04-21 18:25:41.678 8036 TRACE nova   File "/usr/lib/python2.7/dist-packages/nova/cmd/manage.py", line 1377, in main
2014-04-21 18:25:41.678 8036 TRACE nova     ret = fn(*fn_args, **fn_kwargs)
2014-04-21 18:25:41.678 8036 TRACE nova   File "/usr/lib/python2.7/dist-packages/nova/cmd/manage.py", line 441, in create
2014-04-21 18:25:41.678 8036 TRACE nova     for address in self.address_to_hosts(ip_range))
2014-04-21 18:25:41.678 8036 TRACE nova   File "/usr/lib/python2.7/dist-packages/nova/cmd/manage.py", line 413, in address_to_hosts
2014-04-21 18:25:41.678 8036 TRACE nova     net = netaddr.IPNetwork(addresses)
2014-04-21 18:25:41.678 8036 TRACE nova   File "/usr/lib/python2.7/dist-packages/netaddr/ip/__init__.py", line 907, in __init__
2014-04-21 18:25:41.678 8036 TRACE nova     implicit_prefix, flags)
2014-04-21 18:25:41.678 8036 TRACE nova   File "/usr/lib/python2.7/dist-packages/netaddr/ip/__init__.py", line 774, in parse_ip_network
2014-04-21 18:25:41.678 8036 TRACE nova     expanded_addr = _ipv4.expand_partial_address(val1)
2014-04-21 18:25:41.678 8036 TRACE nova   File "/usr/lib/python2.7/dist-packages/netaddr/strategy/ipv4.py", line 277, in expand_partial_address
2014-04-21 18:25:41.678 8036 TRACE nova     tokens = ['%d' % int(o) for o in addr.split('.')]
2014-04-21 18:25:41.678 8036 TRACE nova ValueError: invalid literal for int() with base 10: 'ip_range=192'
2014-04-21 18:25:41.678 8036 TRACE nova 
